

 SAP2000 v23.3.0 Ultimate 64-bit (Analysis Build 9871/64)
 File: D:\desktop\xia\modular-structural-team\cases3\FEM_sap2000\MiC1.LOG




 B E G I N   A N A L Y S I S                                2024/08/30  11:09:24


 RUNNING ANALYSIS WITHIN THE GUI PROCESS
 USING THE ADVANCED SOLVER (PROVIDES LIMITED INSTABILITY INFORMATION)

 NUMBER OF JOINTS                          =         840
    WITH RESTRAINTS                        =         140
 NUMBER OF FRAME/CABLE/TENDON ELEMENTS     =        1260
 NUMBER OF SHELL ELEMENTS                  =         630
 NUMBER OF LINK/SUPPORT ELEMENTS           =        1688
 NUMBER OF LOAD PATTERNS                   =           5
 NUMBER OF ACCELERATION LOADS              =           9
 NUMBER OF LOAD CASES                      =           6

 ADDRESSABLE PHYSICAL MEMORY (RAM)         =      63.818 GB

 PARALLELIZATION OF ANALYSIS OPERATIONS:
  (Env. variable SAPFIRE_NUM_THREADS not set)
 NUMBER OF THREADS: STATE (AUTOMATIC)      =          12
 NUMBER OF THREADS: STIFFNESS (AUTOMATIC)  =          12
 NUMBER OF THREADS: EVENT (AUTOMATIC)      =          12
 NUMBER OF THREADS: MOVE (AUTOMATIC)       =          12
 NUMBER OF THREADS: RESPONSE (AUTOMATIC)   =          12
 NUMBER OF THREADS: SOLVE (AUTOMATIC)      =          12
 NUMBER OF THREADS: FORM (AUTOMATIC)       =          12


 E L E M E N T   F O R M A T I O N                                      11:09:24



 L I N E A R   E Q U A T I O N   S O L U T I O N                        11:09:24

 FORMING STIFFNESS AT ZERO (UNSTRESSED) INITIAL CONDITIONS

 TOTAL NUMBER OF EQUILIBRIUM EQUATIONS     =        4200
 NUMBER OF NON-ZERO STIFFNESS TERMS        =      109740

 ---------------------------------
 BASIC STABILITY CHECK FOR LINEAR LOAD CASES:
    NUMBER OF NEGATIVE STIFFNESS EIGENVALUES SHOULD BE ZERO FOR STABILITY.
    (NOTE: FURTHER CHECKS SHOULD BE CONSIDERED AS DEEMED NECESSARY,
     SUCH AS REVIEWING EIGEN MODES FOR MECHANISMS AND RIGID-BODY MOTION)

    NUMBER OF NEGATIVE EIGENVALUES         =           0,  OK.
 ---------------------------------


 L I N E A R   S T A T I C   C A S E S                                  11:09:25

 USING STIFFNESS AT ZERO (UNSTRESSED) INITIAL CONDITIONS

 TOTAL NUMBER OF CASES TO SOLVE            =           5
 NUMBER OF CASES TO SOLVE PER BLOCK        =           5

 LINEAR STATIC CASES TO BE SOLVED:

 CASE: DEAD
 CASE: LIVE
 CASE: EARTHQUAKE
 CASE: EX
 CASE: EY


 E I G E N   M O D A L   A N A L Y S I S                                11:09:25

 CASE: MODAL

 USING STIFFNESS AT ZERO (UNSTRESSED) INITIAL CONDITIONS

 NUMBER OF STIFFNESS DEGREES OF FREEDOM    =        4200
 NUMBER OF MASS DEGREES OF FREEDOM         =        2100
 MAXIMUM NUMBER OF EIGEN MODES SOUGHT      =          12
 MINIMUM NUMBER OF EIGEN MODES SOUGHT      =           1
 NUMBER OF RESIDUAL-MASS MODES SOUGHT      =           0
 NUMBER OF SUBSPACE VECTORS USED           =          24
 RELATIVE CONVERGENCE TOLERANCE            =    1.00E-09

 FREQUENCY SHIFT  (CENTER) (CYC/TIME)      =     .000000
 FREQUENCY CUTOFF (RADIUS) (CYC/TIME)      =  -INFINITY-
 ALLOW AUTOMATIC FREQUENCY SHIFTING        =         YES


 Original stiffness at shift : EV= 0.0000000E+00, f=     .000000, T=  -INFINITY-
 Number of eigenvalues below shift =      0
 Found mode      1 of     12:  EV= 5.4247206E+02, f=    3.706882, T=    0.269768
 Found mode      2 of     12:  EV= 5.7609153E+02, f=    3.820022, T=    0.261779
 Found mode      3 of     12:  EV= 5.8672244E+02, f=    3.855107, T=    0.259396
 Found mode      4 of     12:  EV= 7.5965354E+02, f=    4.386599, T=    0.227967
 Found mode      5 of     12:  EV= 8.0610147E+02, f=    4.518715, T=    0.221302
 Found mode      6 of     12:  EV= 8.4893924E+02, f=    4.637228, T=    0.215646
 Found mode      7 of     12:  EV= 9.0770443E+02, f=    4.795041, T=    0.208549
 Found mode      8 of     12:  EV= 9.3591254E+02, f=    4.868977, T=    0.205382
 Found mode      9 of     12:  EV= 9.9141925E+02, f=    5.011282, T=    0.199550
 Found mode     10 of     12:  EV= 1.1673480E+03, f=    5.437763, T=    0.183899
 Found mode     11 of     12:  EV= 1.1800453E+03, f=    5.467257, T=    0.182907
 Found mode     12 of     12:  EV= 1.2593530E+03, f=    5.647989, T=    0.177054

 NUMBER OF EIGEN MODES FOUND               =          12
 NUMBER OF ITERATIONS PERFORMED            =          10
 NUMBER OF STIFFNESS SHIFTS                =           0


 A N A L Y S I S   C O M P L E T E                          2024/08/30  11:09:26


 SAP2000 v23.3.0 Ultimate 64-bit (Analysis Build 9871/64)
 File: D:\desktop\xia\modular-structural-team\cases3\FEM_sap2000\MiC1.LOG




 B E G I N   A N A L Y S I S                                2024/08/30  11:09:30


 RUNNING ANALYSIS WITHIN THE GUI PROCESS
 USING THE ADVANCED SOLVER (PROVIDES LIMITED INSTABILITY INFORMATION)

 NUMBER OF JOINTS                          =         840
    WITH RESTRAINTS                        =         140
 NUMBER OF FRAME/CABLE/TENDON ELEMENTS     =        1260
 NUMBER OF SHELL ELEMENTS                  =         630
 NUMBER OF LINK/SUPPORT ELEMENTS           =        1688
 NUMBER OF LOAD PATTERNS                   =           5
 NUMBER OF ACCELERATION LOADS              =           9
 NUMBER OF LOAD CASES                      =           6

 ADDRESSABLE PHYSICAL MEMORY (RAM)         =      63.818 GB

 PARALLELIZATION OF ANALYSIS OPERATIONS:
  (Env. variable SAPFIRE_NUM_THREADS not set)
 NUMBER OF THREADS: STATE (AUTOMATIC)      =          12
 NUMBER OF THREADS: STIFFNESS (AUTOMATIC)  =          12
 NUMBER OF THREADS: EVENT (AUTOMATIC)      =          12
 NUMBER OF THREADS: MOVE (AUTOMATIC)       =          12
 NUMBER OF THREADS: RESPONSE (AUTOMATIC)   =          12
 NUMBER OF THREADS: SOLVE (AUTOMATIC)      =          12
 NUMBER OF THREADS: FORM (AUTOMATIC)       =          12


 E L E M E N T   F O R M A T I O N                                      11:09:30



 L I N E A R   E Q U A T I O N   S O L U T I O N                        11:09:30

 FORMING STIFFNESS AT ZERO (UNSTRESSED) INITIAL CONDITIONS

 TOTAL NUMBER OF EQUILIBRIUM EQUATIONS     =        4200
 NUMBER OF NON-ZERO STIFFNESS TERMS        =      109740

 ---------------------------------
 BASIC STABILITY CHECK FOR LINEAR LOAD CASES:
    NUMBER OF NEGATIVE STIFFNESS EIGENVALUES SHOULD BE ZERO FOR STABILITY.
    (NOTE: FURTHER CHECKS SHOULD BE CONSIDERED AS DEEMED NECESSARY,
     SUCH AS REVIEWING EIGEN MODES FOR MECHANISMS AND RIGID-BODY MOTION)

    NUMBER OF NEGATIVE EIGENVALUES         =           0,  OK.
 ---------------------------------


 L I N E A R   S T A T I C   C A S E S                                  11:09:30

 USING STIFFNESS AT ZERO (UNSTRESSED) INITIAL CONDITIONS

 TOTAL NUMBER OF CASES TO SOLVE            =           2
 NUMBER OF CASES TO SOLVE PER BLOCK        =           2

 LINEAR STATIC CASES TO BE SOLVED:

 CASE: EX
 CASE: EY


 A N A L Y S I S   C O M P L E T E                          2024/08/30  11:09:30
