

 SAP2000 v23.3.0 Ultimate 64-bit (Analysis Build 9871/64)
 File: D:\desktop\xia\modular-structural-team\FEM_sap2000/MiC1.LOG




 B E G I N   A N A L Y S I S                                2024/08/18  18:19:55


 RUNNING ANALYSIS WITHIN THE GUI PROCESS
 USING THE ADVANCED SOLVER (PROVIDES LIMITED INSTABILITY INFORMATION)

 NUMBER OF JOINTS                          =         864
    WITH RESTRAINTS                        =         144
 NUMBER OF FRAME/CABLE/TENDON ELEMENTS     =        1296
 NUMBER OF SHELL ELEMENTS                  =         648
 NUMBER OF LINK/SUPPORT ELEMENTS           =         816
 NUMBER OF LOAD PATTERNS                   =           5
 NUMBER OF ACCELERATION LOADS              =           9
 NUMBER OF LOAD CASES                      =           6

 ADDRESSABLE PHYSICAL MEMORY (RAM)         =      63.818 GB

 PARALLELIZATION OF ANALYSIS OPERATIONS:
  (Env. variable SAPFIRE_NUM_THREADS not set)
 NUMBER OF THREADS: STATE (AUTOMATIC)      =          12
 NUMBER OF THREADS: STIFFNESS (AUTOMATIC)  =          12
 NUMBER OF THREADS: EVENT (AUTOMATIC)      =          12
 NUMBER OF THREADS: MOVE (AUTOMATIC)       =          12
 NUMBER OF THREADS: RESPONSE (AUTOMATIC)   =          12
 NUMBER OF THREADS: SOLVE (AUTOMATIC)      =          12
 NUMBER OF THREADS: FORM (AUTOMATIC)       =          12


 E L E M E N T   F O R M A T I O N                                      18:19:55



 L I N E A R   E Q U A T I O N   S O L U T I O N                        18:19:55

 FORMING STIFFNESS AT ZERO (UNSTRESSED) INITIAL CONDITIONS

 TOTAL NUMBER OF EQUILIBRIUM EQUATIONS     =        4320
 NUMBER OF NON-ZERO STIFFNESS TERMS        =      111312

 ---------------------------------
 BASIC STABILITY CHECK FOR LINEAR LOAD CASES:
    NUMBER OF NEGATIVE STIFFNESS EIGENVALUES SHOULD BE ZERO FOR STABILITY.
    (NOTE: FURTHER CHECKS SHOULD BE CONSIDERED AS DEEMED NECESSARY,
     SUCH AS REVIEWING EIGEN MODES FOR MECHANISMS AND RIGID-BODY MOTION)

    NUMBER OF NEGATIVE EIGENVALUES         =           0,  OK.
 ---------------------------------


 L I N E A R   S T A T I C   C A S E S                                  18:19:55

 USING STIFFNESS AT ZERO (UNSTRESSED) INITIAL CONDITIONS

 TOTAL NUMBER OF CASES TO SOLVE            =           5
 NUMBER OF CASES TO SOLVE PER BLOCK        =           5

 LINEAR STATIC CASES TO BE SOLVED:

 CASE: DEAD
 CASE: LIVE
 CASE: EARTHQUAKE
 CASE: EX
 CASE: EY


 E I G E N   M O D A L   A N A L Y S I S                                18:19:56

 CASE: MODAL

 USING STIFFNESS AT ZERO (UNSTRESSED) INITIAL CONDITIONS

 NUMBER OF STIFFNESS DEGREES OF FREEDOM    =        4320
 NUMBER OF MASS DEGREES OF FREEDOM         =        2160
 MAXIMUM NUMBER OF EIGEN MODES SOUGHT      =          12
 MINIMUM NUMBER OF EIGEN MODES SOUGHT      =           1
 NUMBER OF RESIDUAL-MASS MODES SOUGHT      =           0
 NUMBER OF SUBSPACE VECTORS USED           =          24
 RELATIVE CONVERGENCE TOLERANCE            =    1.00E-09

 FREQUENCY SHIFT  (CENTER) (CYC/TIME)      =     .000000
 FREQUENCY CUTOFF (RADIUS) (CYC/TIME)      =  -INFINITY-
 ALLOW AUTOMATIC FREQUENCY SHIFTING        =         YES


 Original stiffness at shift : EV= 0.0000000E+00, f=     .000000, T=  -INFINITY-
 Number of eigenvalues below shift =      0
 Found mode      1 of     12:  EV= 8.1958690E+02, f=    4.556356, T=    0.219474
 Found mode      2 of     12:  EV= 8.3554731E+02, f=    4.600507, T=    0.217367
 Found mode      3 of     12:  EV= 8.3932319E+02, f=    4.610890, T=    0.216878
 Found mode      4 of     12:  EV= 8.8185023E+02, f=    4.726259, T=    0.211584
 Found mode      5 of     12:  EV= 9.5357486E+02, f=    4.914706, T=    0.203471
 Found mode      6 of     12:  EV= 1.2107313E+03, f=    5.537886, T=    0.180574
 Found mode      7 of     12:  EV= 1.3995653E+03, f=    5.954108, T=    0.167951
 Found mode      8 of     12:  EV= 1.4184447E+03, f=    5.994132, T=    0.166830
 Found mode      9 of     12:  EV= 1.4693302E+03, f=    6.100702, T=    0.163916
 Found mode     10 of     12:  EV= 1.5880395E+03, f=    6.342359, T=    0.157670
 Found mode     11 of     12:  EV= 1.6448857E+03, f=    6.454877, T=    0.154922
 Found mode     12 of     12:  EV= 1.6455499E+03, f=    6.456180, T=    0.154890

 NUMBER OF EIGEN MODES FOUND               =          12
 NUMBER OF ITERATIONS PERFORMED            =          10
 NUMBER OF STIFFNESS SHIFTS                =           0


 A N A L Y S I S   C O M P L E T E                          2024/08/18  18:19:56


 SAP2000 v23.3.0 Ultimate 64-bit (Analysis Build 9871/64)
 File: D:\desktop\xia\modular-structural-team\FEM_sap2000/MiC1.LOG




 B E G I N   A N A L Y S I S                                2024/08/18  18:19:59


 RUNNING ANALYSIS WITHIN THE GUI PROCESS
 USING THE ADVANCED SOLVER (PROVIDES LIMITED INSTABILITY INFORMATION)

 NUMBER OF JOINTS                          =         864
    WITH RESTRAINTS                        =         144
 NUMBER OF FRAME/CABLE/TENDON ELEMENTS     =        1296
 NUMBER OF SHELL ELEMENTS                  =         648
 NUMBER OF LINK/SUPPORT ELEMENTS           =         816
 NUMBER OF LOAD PATTERNS                   =           5
 NUMBER OF ACCELERATION LOADS              =           9
 NUMBER OF LOAD CASES                      =           6

 ADDRESSABLE PHYSICAL MEMORY (RAM)         =      63.818 GB

 PARALLELIZATION OF ANALYSIS OPERATIONS:
  (Env. variable SAPFIRE_NUM_THREADS not set)
 NUMBER OF THREADS: STATE (AUTOMATIC)      =          12
 NUMBER OF THREADS: STIFFNESS (AUTOMATIC)  =          12
 NUMBER OF THREADS: EVENT (AUTOMATIC)      =          12
 NUMBER OF THREADS: MOVE (AUTOMATIC)       =          12
 NUMBER OF THREADS: RESPONSE (AUTOMATIC)   =          12
 NUMBER OF THREADS: SOLVE (AUTOMATIC)      =          12
 NUMBER OF THREADS: FORM (AUTOMATIC)       =          12


 E L E M E N T   F O R M A T I O N                                      18:19:59



 L I N E A R   E Q U A T I O N   S O L U T I O N                        18:19:59

 FORMING STIFFNESS AT ZERO (UNSTRESSED) INITIAL CONDITIONS

 TOTAL NUMBER OF EQUILIBRIUM EQUATIONS     =        4320
 NUMBER OF NON-ZERO STIFFNESS TERMS        =      111312

 ---------------------------------
 BASIC STABILITY CHECK FOR LINEAR LOAD CASES:
    NUMBER OF NEGATIVE STIFFNESS EIGENVALUES SHOULD BE ZERO FOR STABILITY.
    (NOTE: FURTHER CHECKS SHOULD BE CONSIDERED AS DEEMED NECESSARY,
     SUCH AS REVIEWING EIGEN MODES FOR MECHANISMS AND RIGID-BODY MOTION)

    NUMBER OF NEGATIVE EIGENVALUES         =           0,  OK.
 ---------------------------------


 L I N E A R   S T A T I C   C A S E S                                  18:19:59

 USING STIFFNESS AT ZERO (UNSTRESSED) INITIAL CONDITIONS

 TOTAL NUMBER OF CASES TO SOLVE            =           2
 NUMBER OF CASES TO SOLVE PER BLOCK        =           2

 LINEAR STATIC CASES TO BE SOLVED:

 CASE: EX
 CASE: EY


 A N A L Y S I S   C O M P L E T E                          2024/08/18  18:19:59
