

 SAP2000 v23.3.0 Ultimate 64-bit (Analysis Build 9871/64)
 File: FEMData\FEM_sap2000\MiC1.LOG




 B E G I N   A N A L Y S I S                                2024/08/30  12:11:59


 RUNNING ANALYSIS WITHIN THE GUI PROCESS
 USING THE ADVANCED SOLVER (PROVIDES LIMITED INSTABILITY INFORMATION)

 NUMBER OF JOINTS                          =         840
    WITH RESTRAINTS                        =         140
 NUMBER OF FRAME/CABLE/TENDON ELEMENTS     =        1260
 NUMBER OF SHELL ELEMENTS                  =         630
 NUMBER OF LINK/SUPPORT ELEMENTS           =         844
 NUMBER OF LOAD PATTERNS                   =           5
 NUMBER OF ACCELERATION LOADS              =           9
 NUMBER OF LOAD CASES                      =           6

 ADDRESSABLE PHYSICAL MEMORY (RAM)         =      63.818 GB

 PARALLELIZATION OF ANALYSIS OPERATIONS:
  (Env. variable SAPFIRE_NUM_THREADS not set)
 NUMBER OF THREADS: STATE (AUTOMATIC)      =          12
 NUMBER OF THREADS: STIFFNESS (AUTOMATIC)  =          12
 NUMBER OF THREADS: EVENT (AUTOMATIC)      =          12
 NUMBER OF THREADS: MOVE (AUTOMATIC)       =          12
 NUMBER OF THREADS: RESPONSE (AUTOMATIC)   =          12
 NUMBER OF THREADS: SOLVE (AUTOMATIC)      =          12
 NUMBER OF THREADS: FORM (AUTOMATIC)       =          12


 E L E M E N T   F O R M A T I O N                                      12:11:59



 L I N E A R   E Q U A T I O N   S O L U T I O N                        12:11:59

 FORMING STIFFNESS AT ZERO (UNSTRESSED) INITIAL CONDITIONS

 TOTAL NUMBER OF EQUILIBRIUM EQUATIONS     =        4200
 NUMBER OF NON-ZERO STIFFNESS TERMS        =      109740

 ---------------------------------
 BASIC STABILITY CHECK FOR LINEAR LOAD CASES:
    NUMBER OF NEGATIVE STIFFNESS EIGENVALUES SHOULD BE ZERO FOR STABILITY.
    (NOTE: FURTHER CHECKS SHOULD BE CONSIDERED AS DEEMED NECESSARY,
     SUCH AS REVIEWING EIGEN MODES FOR MECHANISMS AND RIGID-BODY MOTION)

    NUMBER OF NEGATIVE EIGENVALUES         =           0,  OK.
 ---------------------------------


 L I N E A R   S T A T I C   C A S E S                                  12:11:59

 USING STIFFNESS AT ZERO (UNSTRESSED) INITIAL CONDITIONS

 TOTAL NUMBER OF CASES TO SOLVE            =           5
 NUMBER OF CASES TO SOLVE PER BLOCK        =           5

 LINEAR STATIC CASES TO BE SOLVED:

 CASE: DEAD
 CASE: LIVE
 CASE: EARTHQUAKE
 CASE: EX
 CASE: EY


 E I G E N   M O D A L   A N A L Y S I S                                12:11:59

 CASE: MODAL

 USING STIFFNESS AT ZERO (UNSTRESSED) INITIAL CONDITIONS

 NUMBER OF STIFFNESS DEGREES OF FREEDOM    =        4200
 NUMBER OF MASS DEGREES OF FREEDOM         =        2100
 MAXIMUM NUMBER OF EIGEN MODES SOUGHT      =          12
 MINIMUM NUMBER OF EIGEN MODES SOUGHT      =           1
 NUMBER OF RESIDUAL-MASS MODES SOUGHT      =           0
 NUMBER OF SUBSPACE VECTORS USED           =          24
 RELATIVE CONVERGENCE TOLERANCE            =    1.00E-09

 FREQUENCY SHIFT  (CENTER) (CYC/TIME)      =     .000000
 FREQUENCY CUTOFF (RADIUS) (CYC/TIME)      =  -INFINITY-
 ALLOW AUTOMATIC FREQUENCY SHIFTING        =         YES


 Original stiffness at shift : EV= 0.0000000E+00, f=     .000000, T=  -INFINITY-
 Number of eigenvalues below shift =      0
 Found mode      1 of     12:  EV= 4.5090505E+02, f=    3.379580, T=    0.295895
 Found mode      2 of     12:  EV= 4.6445037E+02, f=    3.429966, T=    0.291548
 Found mode      3 of     12:  EV= 5.4483359E+02, f=    3.714942, T=    0.269183
 Found mode      4 of     12:  EV= 6.3518109E+02, f=    4.011150, T=    0.249305
 Found mode      5 of     12:  EV= 8.0595056E+02, f=    4.518292, T=    0.221323
 Found mode      6 of     12:  EV= 8.1007920E+02, f=    4.529851, T=    0.220758
 Found mode      7 of     12:  EV= 8.3886685E+02, f=    4.609636, T=    0.216937
 Found mode      8 of     12:  EV= 1.0074469E+03, f=    5.051626, T=    0.197956
 Found mode      9 of     12:  EV= 1.1002111E+03, f=    5.279079, T=    0.189427
 Found mode     10 of     12:  EV= 1.1324197E+03, f=    5.355794, T=    0.186714
 Found mode     11 of     12:  EV= 1.2548266E+03, f=    5.637830, T=    0.177373
 Found mode     12 of     12:  EV= 1.2754879E+03, f=    5.684055, T=    0.175931

 NUMBER OF EIGEN MODES FOUND               =          12
 NUMBER OF ITERATIONS PERFORMED            =          10
 NUMBER OF STIFFNESS SHIFTS                =           0


 A N A L Y S I S   C O M P L E T E                          2024/08/30  12:11:59


 SAP2000 v23.3.0 Ultimate 64-bit (Analysis Build 9871/64)
 File: FEMData\FEM_sap2000\MiC1.LOG




 B E G I N   A N A L Y S I S                                2024/08/30  12:12:02


 RUNNING ANALYSIS WITHIN THE GUI PROCESS
 USING THE ADVANCED SOLVER (PROVIDES LIMITED INSTABILITY INFORMATION)

 NUMBER OF JOINTS                          =         840
    WITH RESTRAINTS                        =         140
 NUMBER OF FRAME/CABLE/TENDON ELEMENTS     =        1260
 NUMBER OF SHELL ELEMENTS                  =         630
 NUMBER OF LINK/SUPPORT ELEMENTS           =         844
 NUMBER OF LOAD PATTERNS                   =           5
 NUMBER OF ACCELERATION LOADS              =           9
 NUMBER OF LOAD CASES                      =           6

 ADDRESSABLE PHYSICAL MEMORY (RAM)         =      63.818 GB

 PARALLELIZATION OF ANALYSIS OPERATIONS:
  (Env. variable SAPFIRE_NUM_THREADS not set)
 NUMBER OF THREADS: STATE (AUTOMATIC)      =          12
 NUMBER OF THREADS: STIFFNESS (AUTOMATIC)  =          12
 NUMBER OF THREADS: EVENT (AUTOMATIC)      =          12
 NUMBER OF THREADS: MOVE (AUTOMATIC)       =          12
 NUMBER OF THREADS: RESPONSE (AUTOMATIC)   =          12
 NUMBER OF THREADS: SOLVE (AUTOMATIC)      =          12
 NUMBER OF THREADS: FORM (AUTOMATIC)       =          12


 E L E M E N T   F O R M A T I O N                                      12:12:02



 L I N E A R   E Q U A T I O N   S O L U T I O N                        12:12:02

 FORMING STIFFNESS AT ZERO (UNSTRESSED) INITIAL CONDITIONS

 TOTAL NUMBER OF EQUILIBRIUM EQUATIONS     =        4200
 NUMBER OF NON-ZERO STIFFNESS TERMS        =      109740

 ---------------------------------
 BASIC STABILITY CHECK FOR LINEAR LOAD CASES:
    NUMBER OF NEGATIVE STIFFNESS EIGENVALUES SHOULD BE ZERO FOR STABILITY.
    (NOTE: FURTHER CHECKS SHOULD BE CONSIDERED AS DEEMED NECESSARY,
     SUCH AS REVIEWING EIGEN MODES FOR MECHANISMS AND RIGID-BODY MOTION)

    NUMBER OF NEGATIVE EIGENVALUES         =           0,  OK.
 ---------------------------------


 L I N E A R   S T A T I C   C A S E S                                  12:12:02

 USING STIFFNESS AT ZERO (UNSTRESSED) INITIAL CONDITIONS

 TOTAL NUMBER OF CASES TO SOLVE            =           2
 NUMBER OF CASES TO SOLVE PER BLOCK        =           2

 LINEAR STATIC CASES TO BE SOLVED:

 CASE: EX
 CASE: EY


 A N A L Y S I S   C O M P L E T E                          2024/08/30  12:12:02
